.E.E.E.E.E.E.E.E.E.F.F.F.F.F.F.F.F.F.F.F.F.F.F..F.F.F.F
Time: 0.037
There were 9 errors:
1) testEncryptSimplest(CaesarCipherTest)java.lang.RuntimeException: Et tu Brutus?
	at CaesarCipher.main(CaesarCipher.java:17)
	at CaesarCipherTest.testEncryptSimplest(CaesarCipherTest.java:37)
	at sun.reflect.NativeMethodAccessorImpl.invoke0(Native Method)
	at sun.reflect.NativeMethodAccessorImpl.invoke(NativeMethodAccessorImpl.java:57)
	at sun.reflect.DelegatingMethodAccessorImpl.invoke(DelegatingMethodAccessorImpl.java:43)
	at AutomaticScoreCheck.main(AutomaticScoreCheck.java:23)
2) testRot13UpperLowerCase(CaesarCipherTest)java.lang.RuntimeException: Et tu Brutus?
	at CaesarCipher.main(CaesarCipher.java:17)
	at CaesarCipherTest.testRot13UpperLowerCase(CaesarCipherTest.java:51)
	at sun.reflect.NativeMethodAccessorImpl.invoke0(Native Method)
	at sun.reflect.NativeMethodAccessorImpl.invoke(NativeMethodAccessorImpl.java:57)
	at sun.reflect.DelegatingMethodAccessorImpl.invoke(DelegatingMethodAccessorImpl.java:43)
	at AutomaticScoreCheck.main(AutomaticScoreCheck.java:23)
3) testSkipPunctutation(CaesarCipherTest)java.lang.RuntimeException: Et tu Brutus?
	at CaesarCipher.main(CaesarCipher.java:17)
	at CaesarCipherTest.testSkipPunctutation(CaesarCipherTest.java:64)
	at sun.reflect.NativeMethodAccessorImpl.invoke0(Native Method)
	at sun.reflect.NativeMethodAccessorImpl.invoke(NativeMethodAccessorImpl.java:57)
	at sun.reflect.DelegatingMethodAccessorImpl.invoke(DelegatingMethodAccessorImpl.java:43)
	at AutomaticScoreCheck.main(AutomaticScoreCheck.java:23)
4) testDecrypt(CaesarCipherTest)java.lang.RuntimeException: Et tu Brutus?
	at CaesarCipher.main(CaesarCipher.java:17)
	at CaesarCipherTest.testDecrypt(CaesarCipherTest.java:73)
	at sun.reflect.NativeMethodAccessorImpl.invoke0(Native Method)
	at sun.reflect.NativeMethodAccessorImpl.invoke(NativeMethodAccessorImpl.java:57)
	at sun.reflect.DelegatingMethodAccessorImpl.invoke(DelegatingMethodAccessorImpl.java:43)
	at AutomaticScoreCheck.main(AutomaticScoreCheck.java:23)
5) testCompletes(CaesarCipherTest)java.lang.RuntimeException: Et tu Brutus?
	at CaesarCipher.main(CaesarCipher.java:17)
	at CaesarCipherTest.testCompletes(CaesarCipherTest.java:13)
	at sun.reflect.NativeMethodAccessorImpl.invoke0(Native Method)
	at sun.reflect.NativeMethodAccessorImpl.invoke(NativeMethodAccessorImpl.java:57)
	at sun.reflect.DelegatingMethodAccessorImpl.invoke(DelegatingMethodAccessorImpl.java:43)
	at AutomaticScoreCheck.main(AutomaticScoreCheck.java:23)
6) testCheckInputValues(CaesarCipherTest)java.lang.RuntimeException: Et tu Brutus?
	at CaesarCipher.main(CaesarCipher.java:17)
	at CaesarCipherTest.testCheckInputValues(CaesarCipherTest.java:21)
	at sun.reflect.NativeMethodAccessorImpl.invoke0(Native Method)
	at sun.reflect.NativeMethodAccessorImpl.invoke(NativeMethodAccessorImpl.java:57)
	at sun.reflect.DelegatingMethodAccessorImpl.invoke(DelegatingMethodAccessorImpl.java:43)
	at AutomaticScoreCheck.main(AutomaticScoreCheck.java:23)
7) testDecryptMultipleLines(CaesarCipherTest)java.lang.RuntimeException: Et tu Brutus?
	at CaesarCipher.main(CaesarCipher.java:17)
	at CaesarCipherTest.testDecryptMultipleLines(CaesarCipherTest.java:83)
	at sun.reflect.NativeMethodAccessorImpl.invoke0(Native Method)
	at sun.reflect.NativeMethodAccessorImpl.invoke(NativeMethodAccessorImpl.java:57)
	at sun.reflect.DelegatingMethodAccessorImpl.invoke(DelegatingMethodAccessorImpl.java:43)
	at AutomaticScoreCheck.main(AutomaticScoreCheck.java:23)
8) testPositionShift(CaesarCipherTest)java.lang.RuntimeException: Et tu Brutus?
	at CaesarCipher.main(CaesarCipher.java:17)
	at CaesarCipherTest.testPositionShift(CaesarCipherTest.java:98)
	at sun.reflect.NativeMethodAccessorImpl.invoke0(Native Method)
	at sun.reflect.NativeMethodAccessorImpl.invoke(NativeMethodAccessorImpl.java:57)
	at sun.reflect.DelegatingMethodAccessorImpl.invoke(DelegatingMethodAccessorImpl.java:43)
	at AutomaticScoreCheck.main(AutomaticScoreCheck.java:23)
9) testDecodePositionShift(CaesarCipherTest)java.lang.RuntimeException: Et tu Brutus?
	at CaesarCipher.main(CaesarCipher.java:17)
	at CaesarCipherTest.testDecodePositionShift(CaesarCipherTest.java:117)
	at sun.reflect.NativeMethodAccessorImpl.invoke0(Native Method)
	at sun.reflect.NativeMethodAccessorImpl.invoke(NativeMethodAccessorImpl.java:57)
	at sun.reflect.DelegatingMethodAccessorImpl.invoke(DelegatingMethodAccessorImpl.java:43)
	at AutomaticScoreCheck.main(AutomaticScoreCheck.java:23)
There were 18 failures:
1) testAuthorship(CaesarCipherTest)junit.framework.AssertionFailedError: Fix authorship
	at CaesarCipherTest.testAuthorship(CaesarCipherTest.java:126)
	at sun.reflect.NativeMethodAccessorImpl.invoke0(Native Method)
	at sun.reflect.NativeMethodAccessorImpl.invoke(NativeMethodAccessorImpl.java:57)
	at sun.reflect.DelegatingMethodAccessorImpl.invoke(DelegatingMethodAccessorImpl.java:43)
	at AutomaticScoreCheck.main(AutomaticScoreCheck.java:23)
2) testRickRolled(MagicEightBallTest)junit.framework.AssertionFailedError: Fix line 4
	at MagicEightBallTest.testRickRolled(MagicEightBallTest.java:24)
	at sun.reflect.NativeMethodAccessorImpl.invoke0(Native Method)
	at sun.reflect.NativeMethodAccessorImpl.invoke(NativeMethodAccessorImpl.java:57)
	at sun.reflect.DelegatingMethodAccessorImpl.invoke(DelegatingMethodAccessorImpl.java:43)
	at AutomaticScoreCheck.main(AutomaticScoreCheck.java:23)
3) testAceMidterm(MagicEightBallTest)junit.framework.AssertionFailedError: Fix line 4
	at MagicEightBallTest.testAceMidterm(MagicEightBallTest.java:33)
	at sun.reflect.NativeMethodAccessorImpl.invoke0(Native Method)
	at sun.reflect.NativeMethodAccessorImpl.invoke(NativeMethodAccessorImpl.java:57)
	at sun.reflect.DelegatingMethodAccessorImpl.invoke(DelegatingMethodAccessorImpl.java:43)
	at AutomaticScoreCheck.main(AutomaticScoreCheck.java:23)
4) testAuthorship(MagicEightBallTest)junit.framework.AssertionFailedError: Fix authorship
	at MagicEightBallTest.testAuthorship(MagicEightBallTest.java:67)
	at sun.reflect.NativeMethodAccessorImpl.invoke0(Native Method)
	at sun.reflect.NativeMethodAccessorImpl.invoke(NativeMethodAccessorImpl.java:57)
	at sun.reflect.DelegatingMethodAccessorImpl.invoke(DelegatingMethodAccessorImpl.java:43)
	at AutomaticScoreCheck.main(AutomaticScoreCheck.java:23)
5) testMichiganA(MagicEightBallTest)junit.framework.AssertionFailedError: Fix line 4
	at MagicEightBallTest.testMichiganA(MagicEightBallTest.java:42)
	at sun.reflect.NativeMethodAccessorImpl.invoke0(Native Method)
	at sun.reflect.NativeMethodAccessorImpl.invoke(NativeMethodAccessorImpl.java:57)
	at sun.reflect.DelegatingMethodAccessorImpl.invoke(DelegatingMethodAccessorImpl.java:43)
	at AutomaticScoreCheck.main(AutomaticScoreCheck.java:23)
6) testMichiganB(MagicEightBallTest)junit.framework.AssertionFailedError: Fix line 4
	at MagicEightBallTest.testMichiganB(MagicEightBallTest.java:51)
	at sun.reflect.NativeMethodAccessorImpl.invoke0(Native Method)
	at sun.reflect.NativeMethodAccessorImpl.invoke(NativeMethodAccessorImpl.java:57)
	at sun.reflect.DelegatingMethodAccessorImpl.invoke(DelegatingMethodAccessorImpl.java:43)
	at AutomaticScoreCheck.main(AutomaticScoreCheck.java:23)
7) testKeysSwapped(MagicEightBallTest)junit.framework.AssertionFailedError: Fix line 4
	at MagicEightBallTest.testKeysSwapped(MagicEightBallTest.java:62)
	at sun.reflect.NativeMethodAccessorImpl.invoke0(Native Method)
	at sun.reflect.NativeMethodAccessorImpl.invoke(NativeMethodAccessorImpl.java:57)
	at sun.reflect.DelegatingMethodAccessorImpl.invoke(DelegatingMethodAccessorImpl.java:43)
	at AutomaticScoreCheck.main(AutomaticScoreCheck.java:23)
8) testAuthorship(OddSumTest)junit.framework.AssertionFailedError: Fix authorship
	at OddSumTest.testAuthorship(OddSumTest.java:67)
	at sun.reflect.NativeMethodAccessorImpl.invoke0(Native Method)
	at sun.reflect.NativeMethodAccessorImpl.invoke(NativeMethodAccessorImpl.java:57)
	at sun.reflect.DelegatingMethodAccessorImpl.invoke(DelegatingMethodAccessorImpl.java:43)
	at AutomaticScoreCheck.main(AutomaticScoreCheck.java:23)
9) testOddSumEven(OddSumTest)junit.framework.AssertionFailedError: Fix line 1
	at OddSumTest.testOddSumEven(OddSumTest.java:44)
	at sun.reflect.NativeMethodAccessorImpl.invoke0(Native Method)
	at sun.reflect.NativeMethodAccessorImpl.invoke(NativeMethodAccessorImpl.java:57)
	at sun.reflect.DelegatingMethodAccessorImpl.invoke(DelegatingMethodAccessorImpl.java:43)
	at AutomaticScoreCheck.main(AutomaticScoreCheck.java:23)
10) testOddSumOdd(OddSumTest)junit.framework.AssertionFailedError: Fix line 1
	at OddSumTest.testOddSumOdd(OddSumTest.java:61)
	at sun.reflect.NativeMethodAccessorImpl.invoke0(Native Method)
	at sun.reflect.NativeMethodAccessorImpl.invoke(NativeMethodAccessorImpl.java:57)
	at sun.reflect.DelegatingMethodAccessorImpl.invoke(DelegatingMethodAccessorImpl.java:43)
	at AutomaticScoreCheck.main(AutomaticScoreCheck.java:23)
11) testOddSum5(OddSumTest)junit.framework.AssertionFailedError: Fix line 1
	at OddSumTest.testOddSum5(OddSumTest.java:11)
	at sun.reflect.NativeMethodAccessorImpl.invoke0(Native Method)
	at sun.reflect.NativeMethodAccessorImpl.invoke(NativeMethodAccessorImpl.java:57)
	at sun.reflect.DelegatingMethodAccessorImpl.invoke(DelegatingMethodAccessorImpl.java:43)
	at AutomaticScoreCheck.main(AutomaticScoreCheck.java:23)
12) testAuthorship(CipherBreakerTest)junit.framework.AssertionFailedError: Fix authorship
	at CipherBreakerTest.testAuthorship(CipherBreakerTest.java:15)
	at sun.reflect.NativeMethodAccessorImpl.invoke0(Native Method)
	at sun.reflect.NativeMethodAccessorImpl.invoke(NativeMethodAccessorImpl.java:57)
	at sun.reflect.DelegatingMethodAccessorImpl.invoke(DelegatingMethodAccessorImpl.java:43)
	at AutomaticScoreCheck.main(AutomaticScoreCheck.java:23)
13) testUpperCase(CipherBreakerTest)junit.framework.AssertionFailedError: incorrect output on line 3
	at CipherBreakerTest.testUpperCase(CipherBreakerTest.java:34)
	at sun.reflect.NativeMethodAccessorImpl.invoke0(Native Method)
	at sun.reflect.NativeMethodAccessorImpl.invoke(NativeMethodAccessorImpl.java:57)
	at sun.reflect.DelegatingMethodAccessorImpl.invoke(DelegatingMethodAccessorImpl.java:43)
	at AutomaticScoreCheck.main(AutomaticScoreCheck.java:23)
14) testMixedCase(CipherBreakerTest)junit.framework.AssertionFailedError: incorrect output on line 3
	at CipherBreakerTest.testMixedCase(CipherBreakerTest.java:54)
	at sun.reflect.NativeMethodAccessorImpl.invoke0(Native Method)
	at sun.reflect.NativeMethodAccessorImpl.invoke(NativeMethodAccessorImpl.java:57)
	at sun.reflect.DelegatingMethodAccessorImpl.invoke(DelegatingMethodAccessorImpl.java:43)
	at AutomaticScoreCheck.main(AutomaticScoreCheck.java:23)
15) testDigitsAndSpace(CipherBreakerTest)junit.framework.AssertionFailedError: incorrect output on line 3
	at CipherBreakerTest.testDigitsAndSpace(CipherBreakerTest.java:83)
	at sun.reflect.NativeMethodAccessorImpl.invoke0(Native Method)
	at sun.reflect.NativeMethodAccessorImpl.invoke(NativeMethodAccessorImpl.java:57)
	at sun.reflect.DelegatingMethodAccessorImpl.invoke(DelegatingMethodAccessorImpl.java:43)
	at AutomaticScoreCheck.main(AutomaticScoreCheck.java:23)
16) testIgnoreOtherPunctuation(CipherBreakerTest)junit.framework.AssertionFailedError: incorrect output on line 3
	at CipherBreakerTest.testIgnoreOtherPunctuation(CipherBreakerTest.java:92)
	at sun.reflect.NativeMethodAccessorImpl.invoke0(Native Method)
	at sun.reflect.NativeMethodAccessorImpl.invoke(NativeMethodAccessorImpl.java:57)
	at sun.reflect.DelegatingMethodAccessorImpl.invoke(DelegatingMethodAccessorImpl.java:43)
	at AutomaticScoreCheck.main(AutomaticScoreCheck.java:23)
17) testPunctuation(CipherBreakerTest)junit.framework.AssertionFailedError: incorrect output on line 3
	at CipherBreakerTest.testPunctuation(CipherBreakerTest.java:101)
	at sun.reflect.NativeMethodAccessorImpl.invoke0(Native Method)
	at sun.reflect.NativeMethodAccessorImpl.invoke(NativeMethodAccessorImpl.java:57)
	at sun.reflect.DelegatingMethodAccessorImpl.invoke(DelegatingMethodAccessorImpl.java:43)
	at AutomaticScoreCheck.main(AutomaticScoreCheck.java:23)
18) testTheWorks(CipherBreakerTest)junit.framework.AssertionFailedError: incorrect output on line 3
	at CipherBreakerTest.testTheWorks(CipherBreakerTest.java:117)
	at sun.reflect.NativeMethodAccessorImpl.invoke0(Native Method)
	at sun.reflect.NativeMethodAccessorImpl.invoke(NativeMethodAccessorImpl.java:57)
	at sun.reflect.DelegatingMethodAccessorImpl.invoke(DelegatingMethodAccessorImpl.java:43)
	at AutomaticScoreCheck.main(AutomaticScoreCheck.java:23)

FAILURES!!!
Tests run: 28,  Failures: 18,  Errors: 9

1 passed out of 28
Score=3
